<?xml version="1.0" encoding="UTF-8"?>
<testsuite name="com.denofprogramming.random.RandomGeneratorTest" tests="2" skipped="0" failures="0" errors="0" timestamp="2019-03-26T02:39:57" hostname="Jeremys-MacBook-Pro-2.local" time="0.011">
  <properties/>
  <testcase name="testName" classname="com.denofprogramming.random.RandomGeneratorTest" time="0.001"/>
  <testcase name="testRandomGenerator" classname="com.denofprogramming.random.RandomGeneratorTest" time="0.01"/>
  <system-out><![CDATA[]]></system-out>
  <system-err><![CDATA[]]></system-err>
</testsuite>
